2025-02-20 12:37:03,878 - INFO - Validating inputs...
2025-02-20 12:37:03,878 - INFO - Starting experiment with 3 qubits, GHZ state, without DEPOLARIZING noise.
2025-02-20 12:37:03,945 - INFO - Pass: ContainsInstruction - 0.00906 (ms)
2025-02-20 12:37:03,945 - INFO - Pass: UnitarySynthesis - 0.00596 (ms)
2025-02-20 12:37:03,945 - INFO - Pass: HighLevelSynthesis - 0.03195 (ms)
2025-02-20 12:37:03,946 - INFO - Pass: BasisTranslator - 0.04625 (ms)
2025-02-20 12:37:03,946 - INFO - Pass: ElidePermutations - 0.00596 (ms)
2025-02-20 12:37:03,946 - INFO - Pass: RemoveDiagonalGatesBeforeMeasure - 0.00691 (ms)
2025-02-20 12:37:03,946 - INFO - Pass: RemoveIdentityEquivalent - 0.00501 (ms)
2025-02-20 12:37:03,946 - INFO - Pass: InverseCancellation - 0.04101 (ms)
2025-02-20 12:37:03,946 - INFO - Pass: CommutativeCancellation - 0.01693 (ms)
2025-02-20 12:37:03,946 - INFO - Pass: ConsolidateBlocks - 0.04196 (ms)
2025-02-20 12:37:03,946 - INFO - Pass: Split2QUnitaries - 0.00310 (ms)
2025-02-20 12:37:03,946 - INFO - Pass: UnitarySynthesis - 0.00310 (ms)
2025-02-20 12:37:03,946 - INFO - Pass: HighLevelSynthesis - 0.02503 (ms)
2025-02-20 12:37:03,946 - INFO - Pass: BasisTranslator - 0.04125 (ms)
2025-02-20 12:37:03,946 - INFO - Pass: ConsolidateBlocks - 0.03409 (ms)
2025-02-20 12:37:03,946 - INFO - Pass: UnitarySynthesis - 0.00215 (ms)
2025-02-20 12:37:03,946 - INFO - Pass: Depth - 0.00596 (ms)
2025-02-20 12:37:03,946 - INFO - Pass: FixedPoint - 0.00286 (ms)
2025-02-20 12:37:03,946 - INFO - Pass: Size - 0.00191 (ms)
2025-02-20 12:37:03,946 - INFO - Pass: FixedPoint - 0.00215 (ms)
2025-02-20 12:37:03,946 - INFO - Pass: RemoveIdentityEquivalent - 0.00215 (ms)
2025-02-20 12:37:03,946 - INFO - Pass: Optimize1qGatesDecomposition - 0.03195 (ms)
2025-02-20 12:37:03,946 - INFO - Pass: CommutativeCancellation - 0.01884 (ms)
2025-02-20 12:37:03,946 - INFO - Pass: GatesInBasis - 0.00477 (ms)
2025-02-20 12:37:03,946 - INFO - Pass: Depth - 0.00429 (ms)
2025-02-20 12:37:03,946 - INFO - Pass: FixedPoint - 0.00215 (ms)
2025-02-20 12:37:03,946 - INFO - Pass: Size - 0.00095 (ms)
2025-02-20 12:37:03,946 - INFO - Pass: FixedPoint - 0.00119 (ms)
2025-02-20 12:37:03,946 - INFO - Pass: ContainsInstruction - 0.00215 (ms)
2025-02-20 12:37:03,946 - INFO - Total Transpile Time - 65.91010 (ms)
