2025-02-20 12:33:50,758 - INFO - Validating inputs...
2025-02-20 12:33:50,758 - INFO - Starting experiment with 3 qubits, GHZ state, without DEPOLARIZING noise.
2025-02-20 12:33:50,832 - INFO - Pass: ContainsInstruction - 0.03695 (ms)
2025-02-20 12:33:50,832 - INFO - Pass: UnitarySynthesis - 0.00691 (ms)
2025-02-20 12:33:50,832 - INFO - Pass: HighLevelSynthesis - 0.06390 (ms)
2025-02-20 12:33:50,832 - INFO - Pass: BasisTranslator - 0.05007 (ms)
2025-02-20 12:33:50,832 - INFO - Pass: ElidePermutations - 0.21601 (ms)
2025-02-20 12:33:50,832 - INFO - Pass: RemoveDiagonalGatesBeforeMeasure - 0.20385 (ms)
2025-02-20 12:33:50,832 - INFO - Pass: RemoveIdentityEquivalent - 0.00501 (ms)
2025-02-20 12:33:50,833 - INFO - Pass: InverseCancellation - 0.24486 (ms)
2025-02-20 12:33:50,833 - INFO - Pass: CommutativeCancellation - 0.36192 (ms)
2025-02-20 12:33:50,834 - INFO - Pass: ConsolidateBlocks - 0.43297 (ms)
2025-02-20 12:33:50,834 - INFO - Pass: Split2QUnitaries - 0.17500 (ms)
2025-02-20 12:33:50,834 - INFO - Pass: UnitarySynthesis - 0.00286 (ms)
2025-02-20 12:33:50,834 - INFO - Pass: HighLevelSynthesis - 0.03099 (ms)
2025-02-20 12:33:50,834 - INFO - Pass: BasisTranslator - 0.04196 (ms)
2025-02-20 12:33:50,834 - INFO - Pass: ConsolidateBlocks - 0.03386 (ms)
2025-02-20 12:33:50,834 - INFO - Pass: UnitarySynthesis - 0.00215 (ms)
2025-02-20 12:33:50,834 - INFO - Pass: Depth - 0.00715 (ms)
2025-02-20 12:33:50,834 - INFO - Pass: FixedPoint - 0.00286 (ms)
2025-02-20 12:33:50,834 - INFO - Pass: Size - 0.00215 (ms)
2025-02-20 12:33:50,834 - INFO - Pass: FixedPoint - 0.00095 (ms)
2025-02-20 12:33:50,834 - INFO - Pass: RemoveIdentityEquivalent - 0.00095 (ms)
2025-02-20 12:33:50,834 - INFO - Pass: Optimize1qGatesDecomposition - 0.05603 (ms)
2025-02-20 12:33:50,834 - INFO - Pass: CommutativeCancellation - 0.02289 (ms)
2025-02-20 12:33:50,834 - INFO - Pass: GatesInBasis - 0.01574 (ms)
2025-02-20 12:33:50,834 - INFO - Pass: Depth - 0.00286 (ms)
2025-02-20 12:33:50,834 - INFO - Pass: FixedPoint - 0.00191 (ms)
2025-02-20 12:33:50,834 - INFO - Pass: Size - 0.00119 (ms)
2025-02-20 12:33:50,834 - INFO - Pass: FixedPoint - 0.00215 (ms)
2025-02-20 12:33:50,834 - INFO - Pass: ContainsInstruction - 0.00191 (ms)
2025-02-20 12:33:50,834 - INFO - Total Transpile Time - 75.54793 (ms)
2025-02-20 12:33:50,841 - INFO - Experiment complete! Results saved to experiment_results_3q_GHZ_DEPOLARIZING_qasm.json
2025-02-20 12:33:51,007 - INFO - Using categorical units to plot a list of strings that are all parsable as floats or dates. If these strings should be plotted as numbers, cast to the appropriate data type before plotting.
2025-02-20 12:33:51,008 - INFO - Using categorical units to plot a list of strings that are all parsable as floats or dates. If these strings should be plotted as numbers, cast to the appropriate data type before plotting.
