2025-02-20 12:30:37,968 - INFO - Validating inputs...
2025-02-20 12:30:37,968 - INFO - Starting experiment with 3 qubits, GHZ state, without DEPOLARIZING noise.
2025-02-20 12:30:38,048 - INFO - Pass: ContainsInstruction - 0.00882 (ms)
2025-02-20 12:30:38,048 - INFO - Pass: UnitarySynthesis - 0.00405 (ms)
2025-02-20 12:30:38,048 - INFO - Pass: HighLevelSynthesis - 0.03409 (ms)
2025-02-20 12:30:38,048 - INFO - Pass: BasisTranslator - 0.05293 (ms)
2025-02-20 12:30:38,048 - INFO - Pass: ElidePermutations - 0.01097 (ms)
2025-02-20 12:30:38,048 - INFO - Pass: RemoveDiagonalGatesBeforeMeasure - 0.01001 (ms)
2025-02-20 12:30:38,048 - INFO - Pass: RemoveIdentityEquivalent - 0.00596 (ms)
2025-02-20 12:30:38,048 - INFO - Pass: InverseCancellation - 0.05198 (ms)
2025-02-20 12:30:38,048 - INFO - Pass: CommutativeCancellation - 0.01931 (ms)
2025-02-20 12:30:38,048 - INFO - Pass: ConsolidateBlocks - 0.04315 (ms)
2025-02-20 12:30:38,048 - INFO - Pass: Split2QUnitaries - 0.00191 (ms)
2025-02-20 12:30:38,048 - INFO - Pass: UnitarySynthesis - 0.00310 (ms)
2025-02-20 12:30:38,048 - INFO - Pass: HighLevelSynthesis - 0.03004 (ms)
2025-02-20 12:30:38,048 - INFO - Pass: BasisTranslator - 0.04625 (ms)
2025-02-20 12:30:38,048 - INFO - Pass: ConsolidateBlocks - 0.03695 (ms)
2025-02-20 12:30:38,048 - INFO - Pass: UnitarySynthesis - 0.00215 (ms)
2025-02-20 12:30:38,048 - INFO - Pass: Depth - 0.00620 (ms)
2025-02-20 12:30:38,048 - INFO - Pass: FixedPoint - 0.00596 (ms)
2025-02-20 12:30:38,049 - INFO - Pass: Size - 0.00167 (ms)
2025-02-20 12:30:38,049 - INFO - Pass: FixedPoint - 0.00167 (ms)
2025-02-20 12:30:38,049 - INFO - Pass: RemoveIdentityEquivalent - 0.00215 (ms)
2025-02-20 12:30:38,049 - INFO - Pass: Optimize1qGatesDecomposition - 0.04101 (ms)
2025-02-20 12:30:38,049 - INFO - Pass: CommutativeCancellation - 0.02408 (ms)
2025-02-20 12:30:38,049 - INFO - Pass: GatesInBasis - 0.00787 (ms)
2025-02-20 12:30:38,049 - INFO - Pass: Depth - 0.00525 (ms)
2025-02-20 12:30:38,049 - INFO - Pass: FixedPoint - 0.00167 (ms)
2025-02-20 12:30:38,049 - INFO - Pass: Size - 0.00095 (ms)
2025-02-20 12:30:38,049 - INFO - Pass: FixedPoint - 0.00095 (ms)
2025-02-20 12:30:38,049 - INFO - Pass: ContainsInstruction - 0.00191 (ms)
2025-02-20 12:30:38,049 - INFO - Total Transpile Time - 79.11992 (ms)
2025-02-20 12:30:38,318 - INFO - Using categorical units to plot a list of strings that are all parsable as floats or dates. If these strings should be plotted as numbers, cast to the appropriate data type before plotting.
2025-02-20 12:30:38,318 - INFO - Using categorical units to plot a list of strings that are all parsable as floats or dates. If these strings should be plotted as numbers, cast to the appropriate data type before plotting.
