2025-02-20 12:48:16,373 - INFO - Validating inputs...
2025-02-20 12:48:16,374 - INFO - Starting experiment with 3 qubits, GHZ state, with DEPOLARIZING noise.
2025-02-20 12:48:16,442 - INFO - Pass: ContainsInstruction - 0.35310 (ms)
2025-02-20 12:48:16,442 - INFO - Pass: UnitarySynthesis - 0.00381 (ms)
2025-02-20 12:48:16,442 - INFO - Pass: HighLevelSynthesis - 0.14091 (ms)
2025-02-20 12:48:16,442 - INFO - Pass: BasisTranslator - 0.04888 (ms)
2025-02-20 12:48:16,443 - INFO - Pass: ElidePermutations - 0.16999 (ms)
2025-02-20 12:48:16,443 - INFO - Pass: RemoveDiagonalGatesBeforeMeasure - 0.17810 (ms)
2025-02-20 12:48:16,443 - INFO - Pass: RemoveIdentityEquivalent - 0.00715 (ms)
2025-02-20 12:48:16,443 - INFO - Pass: InverseCancellation - 0.24390 (ms)
2025-02-20 12:48:16,443 - INFO - Pass: CommutativeCancellation - 0.35310 (ms)
2025-02-20 12:48:16,444 - INFO - Pass: ConsolidateBlocks - 0.41819 (ms)
2025-02-20 12:48:16,444 - INFO - Pass: Split2QUnitaries - 0.17285 (ms)
2025-02-20 12:48:16,444 - INFO - Pass: UnitarySynthesis - 0.00310 (ms)
2025-02-20 12:48:16,444 - INFO - Pass: HighLevelSynthesis - 0.02789 (ms)
2025-02-20 12:48:16,444 - INFO - Pass: BasisTranslator - 0.03982 (ms)
2025-02-20 12:48:16,444 - INFO - Pass: ConsolidateBlocks - 0.03481 (ms)
2025-02-20 12:48:16,444 - INFO - Pass: UnitarySynthesis - 0.00215 (ms)
2025-02-20 12:48:16,444 - INFO - Pass: Depth - 0.00596 (ms)
2025-02-20 12:48:16,444 - INFO - Pass: FixedPoint - 0.00405 (ms)
2025-02-20 12:48:16,444 - INFO - Pass: Size - 0.00215 (ms)
2025-02-20 12:48:16,444 - INFO - Pass: FixedPoint - 0.00191 (ms)
2025-02-20 12:48:16,444 - INFO - Pass: RemoveIdentityEquivalent - 0.00095 (ms)
2025-02-20 12:48:16,444 - INFO - Pass: Optimize1qGatesDecomposition - 0.05579 (ms)
2025-02-20 12:48:16,445 - INFO - Pass: CommutativeCancellation - 0.02003 (ms)
2025-02-20 12:48:16,445 - INFO - Pass: GatesInBasis - 0.01788 (ms)
2025-02-20 12:48:16,445 - INFO - Pass: Depth - 0.00405 (ms)
2025-02-20 12:48:16,445 - INFO - Pass: FixedPoint - 0.00215 (ms)
2025-02-20 12:48:16,445 - INFO - Pass: Size - 0.00095 (ms)
2025-02-20 12:48:16,445 - INFO - Pass: FixedPoint - 0.00167 (ms)
2025-02-20 12:48:16,445 - INFO - Pass: ContainsInstruction - 0.00286 (ms)
2025-02-20 12:48:16,445 - INFO - Total Transpile Time - 63.77506 (ms)
2025-02-20 12:48:16,453 - INFO - ✅ Experiment completed! Results saved in `results/experiment_results_3q_GHZ_DEPOLARIZING_qasm_2025-02-20_12-48-16.json`

2025-02-20 12:48:16,618 - INFO - Using categorical units to plot a list of strings that are all parsable as floats or dates. If these strings should be plotted as numbers, cast to the appropriate data type before plotting.
2025-02-20 12:48:16,618 - INFO - Using categorical units to plot a list of strings that are all parsable as floats or dates. If these strings should be plotted as numbers, cast to the appropriate data type before plotting.
2025-02-20 12:48:24,874 - INFO - Validating inputs...
2025-02-20 12:48:24,875 - INFO - Starting experiment with 3 qubits, GHZ state, with DEPOLARIZING noise.
2025-02-20 12:48:24,932 - INFO - Pass: ContainsInstruction - 0.00691 (ms)
2025-02-20 12:48:24,932 - INFO - Pass: UnitarySynthesis - 0.00525 (ms)
2025-02-20 12:48:24,932 - INFO - Pass: HighLevelSynthesis - 0.03505 (ms)
2025-02-20 12:48:24,932 - INFO - Pass: BasisTranslator - 0.06413 (ms)
2025-02-20 12:48:24,932 - INFO - Pass: ElidePermutations - 0.00501 (ms)
2025-02-20 12:48:24,932 - INFO - Pass: RemoveDiagonalGatesBeforeMeasure - 0.00477 (ms)
2025-02-20 12:48:24,932 - INFO - Pass: RemoveIdentityEquivalent - 0.00525 (ms)
2025-02-20 12:48:24,932 - INFO - Pass: InverseCancellation - 0.04888 (ms)
2025-02-20 12:48:24,932 - INFO - Pass: CommutativeCancellation - 0.01597 (ms)
2025-02-20 12:48:24,933 - INFO - Pass: ConsolidateBlocks - 0.03910 (ms)
2025-02-20 12:48:24,933 - INFO - Pass: Split2QUnitaries - 0.00119 (ms)
2025-02-20 12:48:24,933 - INFO - Pass: UnitarySynthesis - 0.00310 (ms)
2025-02-20 12:48:24,933 - INFO - Pass: HighLevelSynthesis - 0.02503 (ms)
2025-02-20 12:48:24,933 - INFO - Pass: BasisTranslator - 0.05198 (ms)
2025-02-20 12:48:24,933 - INFO - Pass: ConsolidateBlocks - 0.03910 (ms)
2025-02-20 12:48:24,933 - INFO - Pass: UnitarySynthesis - 0.00191 (ms)
2025-02-20 12:48:24,933 - INFO - Pass: Depth - 0.00572 (ms)
2025-02-20 12:48:24,933 - INFO - Pass: FixedPoint - 0.00310 (ms)
2025-02-20 12:48:24,933 - INFO - Pass: Size - 0.00215 (ms)
2025-02-20 12:48:24,933 - INFO - Pass: FixedPoint - 0.00191 (ms)
2025-02-20 12:48:24,933 - INFO - Pass: RemoveIdentityEquivalent - 0.00095 (ms)
2025-02-20 12:48:24,933 - INFO - Pass: Optimize1qGatesDecomposition - 0.03815 (ms)
2025-02-20 12:48:24,933 - INFO - Pass: CommutativeCancellation - 0.02408 (ms)
2025-02-20 12:48:24,933 - INFO - Pass: GatesInBasis - 0.00501 (ms)
2025-02-20 12:48:24,933 - INFO - Pass: Depth - 0.00501 (ms)
2025-02-20 12:48:24,933 - INFO - Pass: FixedPoint - 0.00167 (ms)
2025-02-20 12:48:24,933 - INFO - Pass: Size - 0.00095 (ms)
2025-02-20 12:48:24,933 - INFO - Pass: FixedPoint - 0.00095 (ms)
2025-02-20 12:48:24,933 - INFO - Pass: ContainsInstruction - 0.00191 (ms)
2025-02-20 12:48:24,933 - INFO - Total Transpile Time - 54.52275 (ms)
2025-02-20 12:48:24,936 - INFO - ✅ Experiment completed! Results saved in `results/experiment_results_3q_GHZ_DEPOLARIZING_qasm_2025-02-20_12-48-24.json`

2025-02-20 12:48:24,967 - INFO - Using categorical units to plot a list of strings that are all parsable as floats or dates. If these strings should be plotted as numbers, cast to the appropriate data type before plotting.
2025-02-20 12:48:24,968 - INFO - Using categorical units to plot a list of strings that are all parsable as floats or dates. If these strings should be plotted as numbers, cast to the appropriate data type before plotting.
