2025-02-20 12:30:19,414 - INFO - Validating inputs...
2025-02-20 12:30:19,415 - INFO - Starting experiment with 3 qubits, GHZ state, without DEPOLARIZING noise.
2025-02-20 12:30:19,521 - INFO - Pass: ContainsInstruction - 0.35095 (ms)
2025-02-20 12:30:19,521 - INFO - Pass: UnitarySynthesis - 0.00405 (ms)
2025-02-20 12:30:19,521 - INFO - Pass: HighLevelSynthesis - 0.12112 (ms)
2025-02-20 12:30:19,521 - INFO - Pass: BasisTranslator - 0.05031 (ms)
2025-02-20 12:30:19,521 - INFO - Pass: ElidePermutations - 0.18001 (ms)
2025-02-20 12:30:19,522 - INFO - Pass: RemoveDiagonalGatesBeforeMeasure - 0.21315 (ms)
2025-02-20 12:30:19,522 - INFO - Pass: RemoveIdentityEquivalent - 0.00501 (ms)
2025-02-20 12:30:19,522 - INFO - Pass: InverseCancellation - 0.32282 (ms)
2025-02-20 12:30:19,523 - INFO - Pass: CommutativeCancellation - 0.40507 (ms)
2025-02-20 12:30:19,523 - INFO - Pass: ConsolidateBlocks - 0.43702 (ms)
2025-02-20 12:30:19,523 - INFO - Pass: Split2QUnitaries - 0.18215 (ms)
2025-02-20 12:30:19,523 - INFO - Pass: UnitarySynthesis - 0.00596 (ms)
2025-02-20 12:30:19,523 - INFO - Pass: HighLevelSynthesis - 0.03576 (ms)
2025-02-20 12:30:19,523 - INFO - Pass: BasisTranslator - 0.05293 (ms)
2025-02-20 12:30:19,524 - INFO - Pass: ConsolidateBlocks - 0.04196 (ms)
2025-02-20 12:30:19,524 - INFO - Pass: UnitarySynthesis - 0.00215 (ms)
2025-02-20 12:30:19,524 - INFO - Pass: Depth - 0.01001 (ms)
2025-02-20 12:30:19,524 - INFO - Pass: FixedPoint - 0.00405 (ms)
2025-02-20 12:30:19,524 - INFO - Pass: Size - 0.00191 (ms)
2025-02-20 12:30:19,524 - INFO - Pass: FixedPoint - 0.00215 (ms)
2025-02-20 12:30:19,524 - INFO - Pass: RemoveIdentityEquivalent - 0.00405 (ms)
2025-02-20 12:30:19,524 - INFO - Pass: Optimize1qGatesDecomposition - 0.06509 (ms)
2025-02-20 12:30:19,524 - INFO - Pass: CommutativeCancellation - 0.02193 (ms)
2025-02-20 12:30:19,524 - INFO - Pass: GatesInBasis - 0.01884 (ms)
2025-02-20 12:30:19,524 - INFO - Pass: Depth - 0.00525 (ms)
2025-02-20 12:30:19,524 - INFO - Pass: FixedPoint - 0.00286 (ms)
2025-02-20 12:30:19,524 - INFO - Pass: Size - 0.00191 (ms)
2025-02-20 12:30:19,524 - INFO - Pass: FixedPoint - 0.00215 (ms)
2025-02-20 12:30:19,524 - INFO - Pass: ContainsInstruction - 0.00310 (ms)
2025-02-20 12:30:19,524 - INFO - Total Transpile Time - 105.73125 (ms)
2025-02-20 12:30:19,532 - INFO - Experiment complete! Results saved.
