2025-02-20 12:38:42,106 - INFO - Validating inputs...
2025-02-20 12:38:42,106 - INFO - Starting experiment with 3 qubits, GHZ state, with DEPOLARIZING noise.
2025-02-20 12:38:42,160 - INFO - Pass: ContainsInstruction - 0.00787 (ms)
2025-02-20 12:38:42,160 - INFO - Pass: UnitarySynthesis - 0.00262 (ms)
2025-02-20 12:38:42,160 - INFO - Pass: HighLevelSynthesis - 0.03171 (ms)
2025-02-20 12:38:42,160 - INFO - Pass: BasisTranslator - 0.04888 (ms)
2025-02-20 12:38:42,160 - INFO - Pass: ElidePermutations - 0.00477 (ms)
2025-02-20 12:38:42,160 - INFO - Pass: RemoveDiagonalGatesBeforeMeasure - 0.00715 (ms)
2025-02-20 12:38:42,160 - INFO - Pass: RemoveIdentityEquivalent - 0.00405 (ms)
2025-02-20 12:38:42,160 - INFO - Pass: InverseCancellation - 0.04387 (ms)
2025-02-20 12:38:42,160 - INFO - Pass: CommutativeCancellation - 0.01812 (ms)
2025-02-20 12:38:42,160 - INFO - Pass: ConsolidateBlocks - 0.04315 (ms)
2025-02-20 12:38:42,160 - INFO - Pass: Split2QUnitaries - 0.00215 (ms)
2025-02-20 12:38:42,160 - INFO - Pass: UnitarySynthesis - 0.00215 (ms)
2025-02-20 12:38:42,160 - INFO - Pass: HighLevelSynthesis - 0.02599 (ms)
2025-02-20 12:38:42,160 - INFO - Pass: BasisTranslator - 0.03791 (ms)
2025-02-20 12:38:42,160 - INFO - Pass: ConsolidateBlocks - 0.03314 (ms)
2025-02-20 12:38:42,160 - INFO - Pass: UnitarySynthesis - 0.00215 (ms)
2025-02-20 12:38:42,160 - INFO - Pass: Depth - 0.00501 (ms)
2025-02-20 12:38:42,160 - INFO - Pass: FixedPoint - 0.00310 (ms)
2025-02-20 12:38:42,161 - INFO - Pass: Size - 0.00095 (ms)
2025-02-20 12:38:42,161 - INFO - Pass: FixedPoint - 0.00191 (ms)
2025-02-20 12:38:42,161 - INFO - Pass: RemoveIdentityEquivalent - 0.00095 (ms)
2025-02-20 12:38:42,161 - INFO - Pass: Optimize1qGatesDecomposition - 0.03076 (ms)
2025-02-20 12:38:42,161 - INFO - Pass: CommutativeCancellation - 0.01907 (ms)
2025-02-20 12:38:42,161 - INFO - Pass: GatesInBasis - 0.00525 (ms)
2025-02-20 12:38:42,161 - INFO - Pass: Depth - 0.00405 (ms)
2025-02-20 12:38:42,161 - INFO - Pass: FixedPoint - 0.00215 (ms)
2025-02-20 12:38:42,161 - INFO - Pass: Size - 0.00095 (ms)
2025-02-20 12:38:42,161 - INFO - Pass: FixedPoint - 0.00095 (ms)
2025-02-20 12:38:42,161 - INFO - Pass: ContainsInstruction - 0.00191 (ms)
2025-02-20 12:38:42,161 - INFO - Total Transpile Time - 49.36099 (ms)
2025-02-20 12:38:42,165 - INFO - Experiment complete! Results saved to results/experiment_results_3q_GHZ_DEPOLARIZING_qasm.json
2025-02-20 12:38:42,311 - INFO - Using categorical units to plot a list of strings that are all parsable as floats or dates. If these strings should be plotted as numbers, cast to the appropriate data type before plotting.
2025-02-20 12:38:42,312 - INFO - Using categorical units to plot a list of strings that are all parsable as floats or dates. If these strings should be plotted as numbers, cast to the appropriate data type before plotting.
