2025-02-20 12:27:54,880 - INFO - Validating inputs...
2025-02-20 12:27:54,881 - INFO - Starting experiment with 3 qubits, GHZ state, without DEPOLARIZING noise.
2025-02-20 12:27:55,012 - INFO - Pass: ContainsInstruction - 0.46897 (ms)
2025-02-20 12:27:55,012 - INFO - Pass: UnitarySynthesis - 0.00834 (ms)
2025-02-20 12:27:55,013 - INFO - Pass: HighLevelSynthesis - 0.13494 (ms)
2025-02-20 12:27:55,013 - INFO - Pass: BasisTranslator - 0.05221 (ms)
2025-02-20 12:27:55,013 - INFO - Pass: ElidePermutations - 0.17810 (ms)
2025-02-20 12:27:55,013 - INFO - Pass: RemoveDiagonalGatesBeforeMeasure - 0.21410 (ms)
2025-02-20 12:27:55,013 - INFO - Pass: RemoveIdentityEquivalent - 0.00596 (ms)
2025-02-20 12:27:55,013 - INFO - Pass: InverseCancellation - 0.26894 (ms)
2025-02-20 12:27:55,014 - INFO - Pass: CommutativeCancellation - 0.23913 (ms)
2025-02-20 12:27:55,014 - INFO - Pass: ConsolidateBlocks - 0.52905 (ms)
2025-02-20 12:27:55,015 - INFO - Pass: Split2QUnitaries - 0.19574 (ms)
2025-02-20 12:27:55,015 - INFO - Pass: UnitarySynthesis - 0.00572 (ms)
2025-02-20 12:27:55,015 - INFO - Pass: HighLevelSynthesis - 0.04292 (ms)
2025-02-20 12:27:55,015 - INFO - Pass: BasisTranslator - 0.06223 (ms)
2025-02-20 12:27:55,015 - INFO - Pass: ConsolidateBlocks - 0.05817 (ms)
2025-02-20 12:27:55,015 - INFO - Pass: UnitarySynthesis - 0.00501 (ms)
2025-02-20 12:27:55,015 - INFO - Pass: Depth - 0.00596 (ms)
2025-02-20 12:27:55,015 - INFO - Pass: FixedPoint - 0.00405 (ms)
2025-02-20 12:27:55,015 - INFO - Pass: Size - 0.00167 (ms)
2025-02-20 12:27:55,015 - INFO - Pass: FixedPoint - 0.00191 (ms)
2025-02-20 12:27:55,015 - INFO - Pass: RemoveIdentityEquivalent - 0.00310 (ms)
2025-02-20 12:27:55,015 - INFO - Pass: Optimize1qGatesDecomposition - 0.06318 (ms)
2025-02-20 12:27:55,015 - INFO - Pass: CommutativeCancellation - 0.02527 (ms)
2025-02-20 12:27:55,015 - INFO - Pass: GatesInBasis - 0.01788 (ms)
2025-02-20 12:27:55,015 - INFO - Pass: Depth - 0.00381 (ms)
2025-02-20 12:27:55,015 - INFO - Pass: FixedPoint - 0.00215 (ms)
2025-02-20 12:27:55,015 - INFO - Pass: Size - 0.00119 (ms)
2025-02-20 12:27:55,016 - INFO - Pass: FixedPoint - 0.00191 (ms)
2025-02-20 12:27:55,016 - INFO - Pass: ContainsInstruction - 0.00381 (ms)
2025-02-20 12:27:55,016 - INFO - Total Transpile Time - 134.28712 (ms)
